<?xml version="1.0" encoding="UTF-8"?>
<testsuite name="org.pitest.PitMojoIT" time="557.88" tests="18" errors="0" skipped="0" failures="0">
  <properties>
    <property name="java.runtime.name" value="OpenJDK Runtime Environment"/>
    <property name="sun.boot.library.path" value="/usr/lib/jvm/java-8-openjdk-amd64/jre/lib/amd64"/>
    <property name="java.vm.version" value="25.141-b15"/>
    <property name="java.vm.vendor" value="Oracle Corporation"/>
    <property name="maven.multiModuleProjectDirectory" value="/mnt/c/pitest2/pitest-pitest-parent-1.3.2"/>
    <property name="java.vendor.url" value="http://java.oracle.com/"/>
    <property name="path.separator" value=":"/>
    <property name="guice.disable.misplaced.annotation.check" value="true"/>
    <property name="java.vm.name" value="OpenJDK 64-Bit Server VM"/>
    <property name="file.encoding.pkg" value="sun.io"/>
    <property name="user.country" value="US"/>
    <property name="sun.java.launcher" value="SUN_STANDARD"/>
    <property name="sun.os.patch.level" value="unknown"/>
    <property name="java.vm.specification.name" value="Java Virtual Machine Specification"/>
    <property name="user.dir" value="/mnt/c/pitest2/pitest-pitest-parent-1.3.2"/>
    <property name="java.runtime.version" value="1.8.0_141-8u141-b15-3~14.04-b15"/>
    <property name="java.awt.graphicsenv" value="sun.awt.X11GraphicsEnvironment"/>
    <property name="java.endorsed.dirs" value="/usr/lib/jvm/java-8-openjdk-amd64/jre/lib/endorsed"/>
    <property name="os.arch" value="amd64"/>
    <property name="java.io.tmpdir" value="/tmp"/>
    <property name="line.separator" value="&#10;"/>
    <property name="java.vm.specification.vendor" value="Oracle Corporation"/>
    <property name="os.name" value="Linux"/>
    <property name="classworlds.conf" value="/mnt/c/Users/Marc Tifrea/Downloads/apache-maven-3.5.2-bin/apache-maven-3.5.2/bin/m2.conf"/>
    <property name="sun.jnu.encoding" value="UTF-8"/>
    <property name="java.library.path" value="/usr/java/packages/lib/amd64:/usr/lib/x86_64-linux-gnu/jni:/lib/x86_64-linux-gnu:/usr/lib/x86_64-linux-gnu:/usr/lib/jni:/lib:/usr/lib"/>
    <property name="maven.conf" value="/mnt/c/Users/Marc Tifrea/Downloads/apache-maven-3.5.2-bin/apache-maven-3.5.2/conf"/>
    <property name="java.specification.name" value="Java Platform API Specification"/>
    <property name="java.class.version" value="52.0"/>
    <property name="sun.management.compiler" value="HotSpot 64-Bit Tiered Compilers"/>
    <property name="os.version" value="4.4.0-43-Microsoft"/>
    <property name="library.jansi.path" value="/mnt/c/Users/Marc Tifrea/Downloads/apache-maven-3.5.2-bin/apache-maven-3.5.2/lib/jansi-native"/>
    <property name="user.home" value="/home/marc"/>
    <property name="user.timezone" value="GMT"/>
    <property name="java.awt.printerjob" value="sun.print.PSPrinterJob"/>
    <property name="java.specification.version" value="1.8"/>
    <property name="file.encoding" value="UTF-8"/>
    <property name="user.name" value="marc"/>
    <property name="java.class.path" value="/mnt/c/Users/Marc Tifrea/Downloads/apache-maven-3.5.2-bin/apache-maven-3.5.2/boot/plexus-classworlds-2.5.2.jar"/>
    <property name="java.vm.specification.version" value="1.8"/>
    <property name="sun.arch.data.model" value="64"/>
    <property name="java.home" value="/usr/lib/jvm/java-8-openjdk-amd64/jre"/>
    <property name="sun.java.command" value="org.codehaus.plexus.classworlds.launcher.Launcher clean install"/>
    <property name="java.specification.vendor" value="Oracle Corporation"/>
    <property name="user.language" value="en"/>
    <property name="awt.toolkit" value="sun.awt.X11.XToolkit"/>
    <property name="java.vm.info" value="mixed mode"/>
    <property name="java.version" value="1.8.0_141"/>
    <property name="java.ext.dirs" value="/usr/lib/jvm/java-8-openjdk-amd64/jre/lib/ext:/usr/java/packages/lib/ext"/>
    <property name="securerandom.source" value="file:/dev/./urandom"/>
    <property name="sun.boot.class.path" value="/usr/lib/jvm/java-8-openjdk-amd64/jre/lib/resources.jar:/usr/lib/jvm/java-8-openjdk-amd64/jre/lib/rt.jar:/usr/lib/jvm/java-8-openjdk-amd64/jre/lib/sunrsasign.jar:/usr/lib/jvm/java-8-openjdk-amd64/jre/lib/jsse.jar:/usr/lib/jvm/java-8-openjdk-amd64/jre/lib/jce.jar:/usr/lib/jvm/java-8-openjdk-amd64/jre/lib/charsets.jar:/usr/lib/jvm/java-8-openjdk-amd64/jre/lib/jfr.jar:/usr/lib/jvm/java-8-openjdk-amd64/jre/classes"/>
    <property name="java.vendor" value="Oracle Corporation"/>
    <property name="maven.home" value="/mnt/c/Users/Marc Tifrea/Downloads/apache-maven-3.5.2-bin/apache-maven-3.5.2"/>
    <property name="file.separator" value="/"/>
    <property name="java.vendor.url.bug" value="http://bugreport.sun.com/bugreport/"/>
    <property name="sun.cpu.endian" value="little"/>
    <property name="sun.io.unicode.encoding" value="UnicodeLittle"/>
    <property name="sun.font.fontmanager" value="sun.awt.X11FontManager"/>
    <property name="sun.cpu.isalist" value=""/>
  </properties>
  <testcase name="shouldReadExclusionsFromSurefireConfig" classname="org.pitest.PitMojoIT" time="29.223"/>
  <testcase name="shouldFailIfNoPITReportAvailable" classname="org.pitest.PitMojoIT" time="38.923"/>
  <testcase name="shouldGenerateSiteReportWithSingleTimestampedHtmlReport" classname="org.pitest.PitMojoIT" time="23.355"/>
  <testcase name="shouldNotHangWhenLargeAmountsOfConsoleOutput" classname="org.pitest.PitMojoIT" time="26.605"/>
  <testcase name="shouldCopyLatestTimestampedReportWhenMultipleTimestampedReportsExist" classname="org.pitest.PitMojoIT" time="20.727"/>
  <testcase name="shouldWorkWithGWTMockito" classname="org.pitest.PitMojoIT" time="69.436"/>
  <testcase name="shouldGenerateSiteReportWithNonTimestampedHtmlReport" classname="org.pitest.PitMojoIT" time="21.523"/>
  <testcase name="shouldWorkWithTestNG" classname="org.pitest.PitMojoIT" time="35.567"/>
  <testcase name="shouldSetUserDirToArtefactWorkingDirectory" classname="org.pitest.PitMojoIT" time="16.851"/>
  <testcase name="shouldWorkWithTestNGAndJMockit" classname="org.pitest.PitMojoIT" time="36.163"/>
  <testcase name="shouldExcludeSpecifiedJUnitCategories" classname="org.pitest.PitMojoIT" time="30.874"/>
  <testcase name="shouldWorkWithYatspec" classname="org.pitest.PitMojoIT" time="32.422"/>
  <testcase name="shouldWorkWithPowerMock" classname="org.pitest.PitMojoIT" time="46.477"/>
  <testcase name="shouldCorrectlyTargetTestsWhenMultipleBlocksIncludeALine" classname="org.pitest.PitMojoIT" time="25.447"/>
  <testcase name="shouldCorrectlyHandleOverrides" classname="org.pitest.PitMojoIT" time="19.921"/>
  <testcase name="shouldSkipSiteReportGeneration" classname="org.pitest.PitMojoIT" time="19.836"/>
  <testcase name="shouldProduceConsistantCoverageData" classname="org.pitest.PitMojoIT" time="44.472"/>
  <testcase name="shouldCopyLatestTimestampedOrNonTimestampedReportWhenBothExist" classname="org.pitest.PitMojoIT" time="20.058"/>
</testsuite>