<?xml version="1.0" encoding="UTF-8"?>
<testsuite name="org.pitest.mutationtest.engine.gregor.mutators.RemoveConditionalMutatorTest" time="20.7" tests="69" errors="0" skipped="0" failures="0">
  <properties>
    <property name="java.runtime.name" value="OpenJDK Runtime Environment"/>
    <property name="sun.boot.library.path" value="/usr/lib/jvm/java-8-openjdk-amd64/jre/lib/amd64"/>
    <property name="java.vm.version" value="25.141-b15"/>
    <property name="java.vm.vendor" value="Oracle Corporation"/>
    <property name="maven.multiModuleProjectDirectory" value="/mnt/c/ant-pitest-example/pitest"/>
    <property name="java.vendor.url" value="http://java.oracle.com/"/>
    <property name="path.separator" value=":"/>
    <property name="guice.disable.misplaced.annotation.check" value="true"/>
    <property name="java.vm.name" value="OpenJDK 64-Bit Server VM"/>
    <property name="file.encoding.pkg" value="sun.io"/>
    <property name="user.country" value="US"/>
    <property name="sun.java.launcher" value="SUN_STANDARD"/>
    <property name="sun.os.patch.level" value="unknown"/>
    <property name="java.vm.specification.name" value="Java Virtual Machine Specification"/>
    <property name="user.dir" value="/mnt/c/ant-pitest-example/pitest"/>
    <property name="java.runtime.version" value="1.8.0_141-8u141-b15-3~14.04-b15"/>
    <property name="java.awt.graphicsenv" value="sun.awt.X11GraphicsEnvironment"/>
    <property name="java.endorsed.dirs" value="/usr/lib/jvm/java-8-openjdk-amd64/jre/lib/endorsed"/>
    <property name="os.arch" value="amd64"/>
    <property name="java.io.tmpdir" value="/tmp"/>
    <property name="line.separator" value="&#10;"/>
    <property name="java.vm.specification.vendor" value="Oracle Corporation"/>
    <property name="os.name" value="Linux"/>
    <property name="classworlds.conf" value="/mnt/c/Users/Marc Tifrea/Downloads/apache-maven-3.5.2-bin/apache-maven-3.5.2/bin/m2.conf"/>
    <property name="sun.jnu.encoding" value="UTF-8"/>
    <property name="java.library.path" value="/usr/java/packages/lib/amd64:/usr/lib/x86_64-linux-gnu/jni:/lib/x86_64-linux-gnu:/usr/lib/x86_64-linux-gnu:/usr/lib/jni:/lib:/usr/lib"/>
    <property name="maven.conf" value="/mnt/c/Users/Marc Tifrea/Downloads/apache-maven-3.5.2-bin/apache-maven-3.5.2/conf"/>
    <property name="java.specification.name" value="Java Platform API Specification"/>
    <property name="java.class.version" value="52.0"/>
    <property name="sun.management.compiler" value="HotSpot 64-Bit Tiered Compilers"/>
    <property name="os.version" value="4.4.0-43-Microsoft"/>
    <property name="library.jansi.path" value="/mnt/c/Users/Marc Tifrea/Downloads/apache-maven-3.5.2-bin/apache-maven-3.5.2/lib/jansi-native"/>
    <property name="user.home" value="/home/marc"/>
    <property name="user.timezone" value="GMT"/>
    <property name="java.awt.printerjob" value="sun.print.PSPrinterJob"/>
    <property name="java.specification.version" value="1.8"/>
    <property name="file.encoding" value="UTF-8"/>
    <property name="user.name" value="marc"/>
    <property name="java.class.path" value="/mnt/c/Users/Marc Tifrea/Downloads/apache-maven-3.5.2-bin/apache-maven-3.5.2/boot/plexus-classworlds-2.5.2.jar"/>
    <property name="java.vm.specification.version" value="1.8"/>
    <property name="sun.arch.data.model" value="64"/>
    <property name="java.home" value="/usr/lib/jvm/java-8-openjdk-amd64/jre"/>
    <property name="sun.java.command" value="org.codehaus.plexus.classworlds.launcher.Launcher package"/>
    <property name="java.specification.vendor" value="Oracle Corporation"/>
    <property name="user.language" value="en"/>
    <property name="awt.toolkit" value="sun.awt.X11.XToolkit"/>
    <property name="java.vm.info" value="mixed mode"/>
    <property name="java.version" value="1.8.0_141"/>
    <property name="java.ext.dirs" value="/usr/lib/jvm/java-8-openjdk-amd64/jre/lib/ext:/usr/java/packages/lib/ext"/>
    <property name="securerandom.source" value="file:/dev/./urandom"/>
    <property name="sun.boot.class.path" value="/usr/lib/jvm/java-8-openjdk-amd64/jre/lib/resources.jar:/usr/lib/jvm/java-8-openjdk-amd64/jre/lib/rt.jar:/usr/lib/jvm/java-8-openjdk-amd64/jre/lib/sunrsasign.jar:/usr/lib/jvm/java-8-openjdk-amd64/jre/lib/jsse.jar:/usr/lib/jvm/java-8-openjdk-amd64/jre/lib/jce.jar:/usr/lib/jvm/java-8-openjdk-amd64/jre/lib/charsets.jar:/usr/lib/jvm/java-8-openjdk-amd64/jre/lib/jfr.jar:/usr/lib/jvm/java-8-openjdk-amd64/jre/classes"/>
    <property name="java.vendor" value="Oracle Corporation"/>
    <property name="maven.home" value="/mnt/c/Users/Marc Tifrea/Downloads/apache-maven-3.5.2-bin/apache-maven-3.5.2"/>
    <property name="file.separator" value="/"/>
    <property name="java.vendor.url.bug" value="http://bugreport.sun.com/bugreport/"/>
    <property name="sun.cpu.endian" value="little"/>
    <property name="sun.io.unicode.encoding" value="UnicodeLittle"/>
    <property name="sun.cpu.isalist" value=""/>
  </properties>
  <testcase name="shouldNotReplaceIFLE_EQUAL_F" classname="org.pitest.mutationtest.engine.gregor.mutators.RemoveConditionalMutatorTest" time="0.171"/>
  <testcase name="shouldNotReplaceIFLE_EQUAL_T" classname="org.pitest.mutationtest.engine.gregor.mutators.RemoveConditionalMutatorTest" time="0.119"/>
  <testcase name="shouldReplaceIF_ACMPNE_EQUAL_F" classname="org.pitest.mutationtest.engine.gregor.mutators.RemoveConditionalMutatorTest" time="0.487"/>
  <testcase name="shouldReplaceIF_ACMPNE_EQUAL_T" classname="org.pitest.mutationtest.engine.gregor.mutators.RemoveConditionalMutatorTest" time="0.398"/>
  <testcase name="shouldReplaceIF_ICMPNE_EQUAL_F" classname="org.pitest.mutationtest.engine.gregor.mutators.RemoveConditionalMutatorTest" time="0.594"/>
  <testcase name="shouldReplaceIF_ICMPNE_EQUAL_T" classname="org.pitest.mutationtest.engine.gregor.mutators.RemoveConditionalMutatorTest" time="0.621"/>
  <testcase name="shouldReplaceIF_ACMPNE_ORDER_F" classname="org.pitest.mutationtest.engine.gregor.mutators.RemoveConditionalMutatorTest" time="0.124"/>
  <testcase name="shouldReplaceIF_ACMPNE_ORDER_T" classname="org.pitest.mutationtest.engine.gregor.mutators.RemoveConditionalMutatorTest" time="0.125"/>
  <testcase name="shouldReplaceIFEQ_EQUAL_F" classname="org.pitest.mutationtest.engine.gregor.mutators.RemoveConditionalMutatorTest" time="0.487"/>
  <testcase name="shouldReplaceIFEQ_EQUAL_T" classname="org.pitest.mutationtest.engine.gregor.mutators.RemoveConditionalMutatorTest" time="0.436"/>
  <testcase name="shouldDescribeReplacementOfOrderCheckWithFalse" classname="org.pitest.mutationtest.engine.gregor.mutators.RemoveConditionalMutatorTest" time="0.161"/>
  <testcase name="shouldReplaceIFGE_ORDER_F" classname="org.pitest.mutationtest.engine.gregor.mutators.RemoveConditionalMutatorTest" time="0.554"/>
  <testcase name="shouldReplaceIFGE_ORDER_T" classname="org.pitest.mutationtest.engine.gregor.mutators.RemoveConditionalMutatorTest" time="0.389"/>
  <testcase name="shouldReplaceIF_ICMPNE_ORDER_F" classname="org.pitest.mutationtest.engine.gregor.mutators.RemoveConditionalMutatorTest" time="0.127"/>
  <testcase name="shouldReplaceIF_ICMPNE_ORDER_T" classname="org.pitest.mutationtest.engine.gregor.mutators.RemoveConditionalMutatorTest" time="0.308"/>
  <testcase name="shouldReplaceIF_ICMPGT_ORDER_F" classname="org.pitest.mutationtest.engine.gregor.mutators.RemoveConditionalMutatorTest" time="0.655"/>
  <testcase name="shouldReplaceIF_ICMPGT_ORDER_T" classname="org.pitest.mutationtest.engine.gregor.mutators.RemoveConditionalMutatorTest" time="0.54"/>
  <testcase name="shouldNotReplaceIF_ICMPGE_EQUAL_F" classname="org.pitest.mutationtest.engine.gregor.mutators.RemoveConditionalMutatorTest" time="0.209"/>
  <testcase name="shouldNotReplaceIF_ICMPGE_EQUAL_T" classname="org.pitest.mutationtest.engine.gregor.mutators.RemoveConditionalMutatorTest" time="0.133"/>
  <testcase name="shouldReplaceIFNULL_EQUAL_F" classname="org.pitest.mutationtest.engine.gregor.mutators.RemoveConditionalMutatorTest" time="0.378"/>
  <testcase name="shouldReplaceIFNULL_EQUAL_T" classname="org.pitest.mutationtest.engine.gregor.mutators.RemoveConditionalMutatorTest" time="0.368"/>
  <testcase name="shouldNotReplaceIFGE_EQUAL_F" classname="org.pitest.mutationtest.engine.gregor.mutators.RemoveConditionalMutatorTest" time="0.123"/>
  <testcase name="shouldNotReplaceIFGE_EQUAL_T" classname="org.pitest.mutationtest.engine.gregor.mutators.RemoveConditionalMutatorTest" time="0.121"/>
  <testcase name="shouldReplaceIF_ICMPLE_ORDER_F" classname="org.pitest.mutationtest.engine.gregor.mutators.RemoveConditionalMutatorTest" time="0.587"/>
  <testcase name="shouldReplaceIF_ICMPLE_ORDER_T" classname="org.pitest.mutationtest.engine.gregor.mutators.RemoveConditionalMutatorTest" time="0.551"/>
  <testcase name="shouldReplaceIFNULL_ORDER_F" classname="org.pitest.mutationtest.engine.gregor.mutators.RemoveConditionalMutatorTest" time="0.123"/>
  <testcase name="shouldReplaceIFNULL_ORDER_T" classname="org.pitest.mutationtest.engine.gregor.mutators.RemoveConditionalMutatorTest" time="0.128"/>
  <testcase name="shouldNotReplaceIFEQ_ORDER_F" classname="org.pitest.mutationtest.engine.gregor.mutators.RemoveConditionalMutatorTest" time="0.12"/>
  <testcase name="shouldNotReplaceIFEQ_ORDER_T" classname="org.pitest.mutationtest.engine.gregor.mutators.RemoveConditionalMutatorTest" time="0.12"/>
  <testcase name="shouldReplaceIF_ACMPEQ_EQUAL_F" classname="org.pitest.mutationtest.engine.gregor.mutators.RemoveConditionalMutatorTest" time="0.477"/>
  <testcase name="shouldReplaceIF_ACMPEQ_EQUAL_T" classname="org.pitest.mutationtest.engine.gregor.mutators.RemoveConditionalMutatorTest" time="0.365"/>
  <testcase name="shouldReplaceIF_ICMPEQ_EQUAL_F" classname="org.pitest.mutationtest.engine.gregor.mutators.RemoveConditionalMutatorTest" time="0.819"/>
  <testcase name="shouldReplaceIF_ICMPEQ_EQUAL_T" classname="org.pitest.mutationtest.engine.gregor.mutators.RemoveConditionalMutatorTest" time="0.546"/>
  <testcase name="shouldReplaceIF_ACMPEQ_ORDER_F" classname="org.pitest.mutationtest.engine.gregor.mutators.RemoveConditionalMutatorTest" time="0.122"/>
  <testcase name="shouldReplaceIF_ACMPEQ_ORDER_T" classname="org.pitest.mutationtest.engine.gregor.mutators.RemoveConditionalMutatorTest" time="0.122"/>
  <testcase name="shouldReplaceIF_ICMPGE_ORDER_F" classname="org.pitest.mutationtest.engine.gregor.mutators.RemoveConditionalMutatorTest" time="0.528"/>
  <testcase name="shouldReplaceIF_ICMPGE_ORDER_T" classname="org.pitest.mutationtest.engine.gregor.mutators.RemoveConditionalMutatorTest" time="0.541"/>
  <testcase name="shouldReplaceIF_ICMPEQ_ORDER_F" classname="org.pitest.mutationtest.engine.gregor.mutators.RemoveConditionalMutatorTest" time="0.12"/>
  <testcase name="shouldReplaceIF_ICMPEQ_ORDER_T" classname="org.pitest.mutationtest.engine.gregor.mutators.RemoveConditionalMutatorTest" time="0.119"/>
  <testcase name="shouldReplaceIFLT_ORDER_T" classname="org.pitest.mutationtest.engine.gregor.mutators.RemoveConditionalMutatorTest" time="0.537"/>
  <testcase name="shouldDescribeReplacementOfOrderCheckWithTrue" classname="org.pitest.mutationtest.engine.gregor.mutators.RemoveConditionalMutatorTest" time="0.139"/>
  <testcase name="shouldNotReplaceIF_ICMPLT_EQUAL_F" classname="org.pitest.mutationtest.engine.gregor.mutators.RemoveConditionalMutatorTest" time="0.178"/>
  <testcase name="shouldNotReplaceIF_ICMPLT_EQUAL_T" classname="org.pitest.mutationtest.engine.gregor.mutators.RemoveConditionalMutatorTest" time="0.138"/>
  <testcase name="shouldNotReplaceIFLT_EQUAL_F" classname="org.pitest.mutationtest.engine.gregor.mutators.RemoveConditionalMutatorTest" time="0.151"/>
  <testcase name="shouldNotReplaceIFLT_EQUAL_T" classname="org.pitest.mutationtest.engine.gregor.mutators.RemoveConditionalMutatorTest" time="0.139"/>
  <testcase name="shouldReplaceIFNONNULL_EQUAL_F" classname="org.pitest.mutationtest.engine.gregor.mutators.RemoveConditionalMutatorTest" time="0.524"/>
  <testcase name="shouldReplaceIFNONNULL_EQUAL_T" classname="org.pitest.mutationtest.engine.gregor.mutators.RemoveConditionalMutatorTest" time="0.378"/>
  <testcase name="shouldReplaceIFNE_EQUAL_F" classname="org.pitest.mutationtest.engine.gregor.mutators.RemoveConditionalMutatorTest" time="0.414"/>
  <testcase name="shouldReplaceIFNE_EQUAL_T" classname="org.pitest.mutationtest.engine.gregor.mutators.RemoveConditionalMutatorTest" time="0.49"/>
  <testcase name="shouldDescribeReplacementOfEqualityChecksWithFalse" classname="org.pitest.mutationtest.engine.gregor.mutators.RemoveConditionalMutatorTest" time="0.171"/>
  <testcase name="shouldProvideAMeaningfulName" classname="org.pitest.mutationtest.engine.gregor.mutators.RemoveConditionalMutatorTest" time="0"/>
  <testcase name="shouldReplaceIFNONNULL_ORDER_F" classname="org.pitest.mutationtest.engine.gregor.mutators.RemoveConditionalMutatorTest" time="0.148"/>
  <testcase name="shouldReplaceIFNONNULL_ORDER_T" classname="org.pitest.mutationtest.engine.gregor.mutators.RemoveConditionalMutatorTest" time="0.12"/>
  <testcase name="shouldReplaceIFNE_ORDER_F" classname="org.pitest.mutationtest.engine.gregor.mutators.RemoveConditionalMutatorTest" time="0.124"/>
  <testcase name="shouldReplaceIFNE_ORDER_T" classname="org.pitest.mutationtest.engine.gregor.mutators.RemoveConditionalMutatorTest" time="0.12"/>
  <testcase name="shouldReplaceIFGT_ORDER_F" classname="org.pitest.mutationtest.engine.gregor.mutators.RemoveConditionalMutatorTest" time="0.498"/>
  <testcase name="shouldReplaceIFGT_ORDER_T" classname="org.pitest.mutationtest.engine.gregor.mutators.RemoveConditionalMutatorTest" time="0.36"/>
  <testcase name="shouldNotReplaceIF_ICMPGT_EQUAL_F" classname="org.pitest.mutationtest.engine.gregor.mutators.RemoveConditionalMutatorTest" time="0.12"/>
  <testcase name="shouldNotReplaceIF_ICMPGT_EQUAL_T" classname="org.pitest.mutationtest.engine.gregor.mutators.RemoveConditionalMutatorTest" time="0.12"/>
  <testcase name="shouldReplaceIFLT_ORDER_T_F" classname="org.pitest.mutationtest.engine.gregor.mutators.RemoveConditionalMutatorTest" time="0.368"/>
  <testcase name="shouldReplaceIFLE_ORDER_F" classname="org.pitest.mutationtest.engine.gregor.mutators.RemoveConditionalMutatorTest" time="0.371"/>
  <testcase name="shouldReplaceIFLE_ORDER_T" classname="org.pitest.mutationtest.engine.gregor.mutators.RemoveConditionalMutatorTest" time="0.37"/>
  <testcase name="shouldNotReplaceIFGT_EQUAL_F" classname="org.pitest.mutationtest.engine.gregor.mutators.RemoveConditionalMutatorTest" time="0.122"/>
  <testcase name="shouldNotReplaceIFGT_EQUAL_T" classname="org.pitest.mutationtest.engine.gregor.mutators.RemoveConditionalMutatorTest" time="0.12"/>
  <testcase name="shouldReplaceIF_ICMPLT_ORDER_F" classname="org.pitest.mutationtest.engine.gregor.mutators.RemoveConditionalMutatorTest" time="0.544"/>
  <testcase name="shouldReplaceIF_ICMPLT_ORDER_T" classname="org.pitest.mutationtest.engine.gregor.mutators.RemoveConditionalMutatorTest" time="0.546"/>
  <testcase name="shouldNotReplaceIF_ICMPLE_EQUAL_F" classname="org.pitest.mutationtest.engine.gregor.mutators.RemoveConditionalMutatorTest" time="0.12"/>
  <testcase name="shouldNotReplaceIF_ICMPLE_EQUAL_T" classname="org.pitest.mutationtest.engine.gregor.mutators.RemoveConditionalMutatorTest" time="0.123"/>
  <testcase name="shouldDescribeReplacementOfEqualityChecksWithTrue" classname="org.pitest.mutationtest.engine.gregor.mutators.RemoveConditionalMutatorTest" time="0.131"/>
</testsuite>