<?xml version="1.0" encoding="UTF-8"?>
<testsuite name="org.pitest.mutationtest.engine.gregor.mutators.MathMutatorTest" time="16.244" tests="32" errors="0" skipped="0" failures="0">
  <properties>
    <property name="java.runtime.name" value="OpenJDK Runtime Environment"/>
    <property name="sun.boot.library.path" value="/usr/lib/jvm/java-8-openjdk-amd64/jre/lib/amd64"/>
    <property name="java.vm.version" value="25.141-b15"/>
    <property name="java.vm.vendor" value="Oracle Corporation"/>
    <property name="maven.multiModuleProjectDirectory" value="/mnt/c/ant-pitest-example/pitest"/>
    <property name="java.vendor.url" value="http://java.oracle.com/"/>
    <property name="path.separator" value=":"/>
    <property name="guice.disable.misplaced.annotation.check" value="true"/>
    <property name="java.vm.name" value="OpenJDK 64-Bit Server VM"/>
    <property name="file.encoding.pkg" value="sun.io"/>
    <property name="user.country" value="US"/>
    <property name="sun.java.launcher" value="SUN_STANDARD"/>
    <property name="sun.os.patch.level" value="unknown"/>
    <property name="java.vm.specification.name" value="Java Virtual Machine Specification"/>
    <property name="user.dir" value="/mnt/c/ant-pitest-example/pitest"/>
    <property name="java.runtime.version" value="1.8.0_141-8u141-b15-3~14.04-b15"/>
    <property name="java.awt.graphicsenv" value="sun.awt.X11GraphicsEnvironment"/>
    <property name="java.endorsed.dirs" value="/usr/lib/jvm/java-8-openjdk-amd64/jre/lib/endorsed"/>
    <property name="os.arch" value="amd64"/>
    <property name="java.io.tmpdir" value="/tmp"/>
    <property name="line.separator" value="&#10;"/>
    <property name="java.vm.specification.vendor" value="Oracle Corporation"/>
    <property name="os.name" value="Linux"/>
    <property name="classworlds.conf" value="/mnt/c/Users/Marc Tifrea/Downloads/apache-maven-3.5.2-bin/apache-maven-3.5.2/bin/m2.conf"/>
    <property name="sun.jnu.encoding" value="UTF-8"/>
    <property name="java.library.path" value="/usr/java/packages/lib/amd64:/usr/lib/x86_64-linux-gnu/jni:/lib/x86_64-linux-gnu:/usr/lib/x86_64-linux-gnu:/usr/lib/jni:/lib:/usr/lib"/>
    <property name="maven.conf" value="/mnt/c/Users/Marc Tifrea/Downloads/apache-maven-3.5.2-bin/apache-maven-3.5.2/conf"/>
    <property name="java.specification.name" value="Java Platform API Specification"/>
    <property name="java.class.version" value="52.0"/>
    <property name="sun.management.compiler" value="HotSpot 64-Bit Tiered Compilers"/>
    <property name="os.version" value="4.4.0-43-Microsoft"/>
    <property name="library.jansi.path" value="/mnt/c/Users/Marc Tifrea/Downloads/apache-maven-3.5.2-bin/apache-maven-3.5.2/lib/jansi-native"/>
    <property name="user.home" value="/home/marc"/>
    <property name="user.timezone" value="GMT"/>
    <property name="java.awt.printerjob" value="sun.print.PSPrinterJob"/>
    <property name="java.specification.version" value="1.8"/>
    <property name="file.encoding" value="UTF-8"/>
    <property name="user.name" value="marc"/>
    <property name="java.class.path" value="/mnt/c/Users/Marc Tifrea/Downloads/apache-maven-3.5.2-bin/apache-maven-3.5.2/boot/plexus-classworlds-2.5.2.jar"/>
    <property name="java.vm.specification.version" value="1.8"/>
    <property name="sun.arch.data.model" value="64"/>
    <property name="java.home" value="/usr/lib/jvm/java-8-openjdk-amd64/jre"/>
    <property name="sun.java.command" value="org.codehaus.plexus.classworlds.launcher.Launcher package"/>
    <property name="java.specification.vendor" value="Oracle Corporation"/>
    <property name="user.language" value="en"/>
    <property name="awt.toolkit" value="sun.awt.X11.XToolkit"/>
    <property name="java.vm.info" value="mixed mode"/>
    <property name="java.version" value="1.8.0_141"/>
    <property name="java.ext.dirs" value="/usr/lib/jvm/java-8-openjdk-amd64/jre/lib/ext:/usr/java/packages/lib/ext"/>
    <property name="securerandom.source" value="file:/dev/./urandom"/>
    <property name="sun.boot.class.path" value="/usr/lib/jvm/java-8-openjdk-amd64/jre/lib/resources.jar:/usr/lib/jvm/java-8-openjdk-amd64/jre/lib/rt.jar:/usr/lib/jvm/java-8-openjdk-amd64/jre/lib/sunrsasign.jar:/usr/lib/jvm/java-8-openjdk-amd64/jre/lib/jsse.jar:/usr/lib/jvm/java-8-openjdk-amd64/jre/lib/jce.jar:/usr/lib/jvm/java-8-openjdk-amd64/jre/lib/charsets.jar:/usr/lib/jvm/java-8-openjdk-amd64/jre/lib/jfr.jar:/usr/lib/jvm/java-8-openjdk-amd64/jre/classes"/>
    <property name="java.vendor" value="Oracle Corporation"/>
    <property name="maven.home" value="/mnt/c/Users/Marc Tifrea/Downloads/apache-maven-3.5.2-bin/apache-maven-3.5.2"/>
    <property name="file.separator" value="/"/>
    <property name="java.vendor.url.bug" value="http://bugreport.sun.com/bugreport/"/>
    <property name="sun.cpu.endian" value="little"/>
    <property name="sun.io.unicode.encoding" value="UnicodeLittle"/>
    <property name="sun.cpu.isalist" value=""/>
  </properties>
  <testcase name="shouldReplaceIntegerShiftLeftWithShiftRight" classname="org.pitest.mutationtest.engine.gregor.mutators.MathMutatorTest" time="0.818"/>
  <testcase name="shouldReplaceIntegerShiftRightWithShiftLeft" classname="org.pitest.mutationtest.engine.gregor.mutators.MathMutatorTest" time="0.429"/>
  <testcase name="shouldReplaceFloatDivisionWithMultiplication" classname="org.pitest.mutationtest.engine.gregor.mutators.MathMutatorTest" time="0.543"/>
  <testcase name="shouldReplaceLongShiftLeftWithShiftRight" classname="org.pitest.mutationtest.engine.gregor.mutators.MathMutatorTest" time="0.475"/>
  <testcase name="shouldReplaceLongShiftRightWithShiftLeft" classname="org.pitest.mutationtest.engine.gregor.mutators.MathMutatorTest" time="0.434"/>
  <testcase name="shouldReplaceFloatMultiplicationWithDivision" classname="org.pitest.mutationtest.engine.gregor.mutators.MathMutatorTest" time="0.532"/>
  <testcase name="shouldReplaceLongXORWithAND" classname="org.pitest.mutationtest.engine.gregor.mutators.MathMutatorTest" time="0.428"/>
  <testcase name="shouldReplaceIntegerModulusWithMultiplication" classname="org.pitest.mutationtest.engine.gregor.mutators.MathMutatorTest" time="0.441"/>
  <testcase name="shouldReplaceIntegerUnsignedShiftRightWithShiftLeft" classname="org.pitest.mutationtest.engine.gregor.mutators.MathMutatorTest" time="0.622"/>
  <testcase name="shouldReplaceIntegerXORWithAND" classname="org.pitest.mutationtest.engine.gregor.mutators.MathMutatorTest" time="0.566"/>
  <testcase name="shouldReplaceLongDivisionWithMultiplication" classname="org.pitest.mutationtest.engine.gregor.mutators.MathMutatorTest" time="0.513"/>
  <testcase name="shouldReplaceIntegerDivisionWithMultiplication" classname="org.pitest.mutationtest.engine.gregor.mutators.MathMutatorTest" time="0.48"/>
  <testcase name="shouldReplaceLongModulusWithMultiplication" classname="org.pitest.mutationtest.engine.gregor.mutators.MathMutatorTest" time="0.391"/>
  <testcase name="shouldReplaceIntegerBitwiseAndsWithOrs" classname="org.pitest.mutationtest.engine.gregor.mutators.MathMutatorTest" time="0.552"/>
  <testcase name="shouldReplaceLongBitwiseAndsWithOrs" classname="org.pitest.mutationtest.engine.gregor.mutators.MathMutatorTest" time="0.464"/>
  <testcase name="shouldReplaceLongUnsignedShiftRightWithShiftLeft" classname="org.pitest.mutationtest.engine.gregor.mutators.MathMutatorTest" time="0.39"/>
  <testcase name="shouldReplaceIntegerBitwiseOrsWithAnds" classname="org.pitest.mutationtest.engine.gregor.mutators.MathMutatorTest" time="0.482"/>
  <testcase name="shouldReplaceLongBitwiseOrsWithAnds" classname="org.pitest.mutationtest.engine.gregor.mutators.MathMutatorTest" time="0.607"/>
  <testcase name="shouldReplaceLongMultiplicationWithDivision" classname="org.pitest.mutationtest.engine.gregor.mutators.MathMutatorTest" time="0.501"/>
  <testcase name="shouldReplaceIntegerMultiplicationWithDivision" classname="org.pitest.mutationtest.engine.gregor.mutators.MathMutatorTest" time="0.491"/>
  <testcase name="shouldReplaceDoubleDivisionWithMultiplication" classname="org.pitest.mutationtest.engine.gregor.mutators.MathMutatorTest" time="0.409"/>
  <testcase name="shouldReplaceDoubleAdditionWithSubtraction" classname="org.pitest.mutationtest.engine.gregor.mutators.MathMutatorTest" time="0.462"/>
  <testcase name="shouldReplaceFloatModulusWithMultiplication" classname="org.pitest.mutationtest.engine.gregor.mutators.MathMutatorTest" time="0.524"/>
  <testcase name="shouldReplaceIntegerAdditionWithSubtraction" classname="org.pitest.mutationtest.engine.gregor.mutators.MathMutatorTest" time="0.645"/>
  <testcase name="shouldReplaceDoubleSubtractionWithAddition" classname="org.pitest.mutationtest.engine.gregor.mutators.MathMutatorTest" time="0.695"/>
  <testcase name="shouldReplaceIntegerSubtractionWithAddition" classname="org.pitest.mutationtest.engine.gregor.mutators.MathMutatorTest" time="0.464"/>
  <testcase name="shouldReplaceFloatAdditionWithSubtraction" classname="org.pitest.mutationtest.engine.gregor.mutators.MathMutatorTest" time="0.373"/>
  <testcase name="shouldReplaceDoublerModulusWithMultiplication" classname="org.pitest.mutationtest.engine.gregor.mutators.MathMutatorTest" time="0.496"/>
  <testcase name="shouldReplaceLongAdditionWithSubtraction" classname="org.pitest.mutationtest.engine.gregor.mutators.MathMutatorTest" time="0.557"/>
  <testcase name="shouldReplaceFloatSubtractionWithAddition" classname="org.pitest.mutationtest.engine.gregor.mutators.MathMutatorTest" time="0.535"/>
  <testcase name="shouldReplaceLongSubtractionWithAddition" classname="org.pitest.mutationtest.engine.gregor.mutators.MathMutatorTest" time="0.542"/>
  <testcase name="shouldReplaceDoubleMultiplicationWithDivision" classname="org.pitest.mutationtest.engine.gregor.mutators.MathMutatorTest" time="0.383"/>
</testsuite>